<?xml version="1.0" encoding="UTF-8"?>
<!-- Generated by org.testng.reporters.JUnitReportReporter -->
<testsuite hostname="DatBOI" failures="0" tests="1" name="facebook.CreateNewAccount" time="69.660" errors="0" timestamp="2023-07-12T13:11:40 EDT" skipped="0">
  <testcase classname="facebook.CreateNewAccount" name="MakeFaceBookAccount" time="69.660"/>
</testsuite> <!-- facebook.CreateNewAccount -->
