<?xml version="1.0" encoding="UTF-8"?>
<!-- Generated by org.testng.reporters.JUnitReportReporter -->
<testsuite hostname="DatBOI" failures="0" tests="1" name="paralellExecutionTestNG.MultipleBrowsersTestWithDataProvider" time="21.579" errors="0" timestamp="2023-08-01T17:47:44 EDT" skipped="0">
  <testcase classname="paralellExecutionTestNG.MultipleBrowsersTestWithDataProvider" name="firefoxLoginTest" time="21.579"/>
</testsuite> <!-- paralellExecutionTestNG.MultipleBrowsersTestWithDataProvider -->
