<?xml version="1.0" encoding="UTF-8"?>
<!-- Generated by org.testng.reporters.JUnitReportReporter -->
<testsuite hostname="DatBOI" failures="0" tests="1" name="automationMovements.Keyboard_Actions" time="11.318" errors="0" timestamp="2023-07-24T17:35:55 EDT" skipped="0">
  <testcase classname="automationMovements.Keyboard_Actions" name="KeyBoardActions" time="11.318"/>
</testsuite> <!-- automationMovements.Keyboard_Actions -->
