<?xml version="1.0" encoding="UTF-8"?>
<!-- Generated by org.testng.reporters.JUnitReportReporter -->
<testsuite hostname="DatBOI" failures="0" tests="2" name="tutorialsNinja.AutomatetutorialsNinjaMakeAccount" time="22.025" errors="0" timestamp="2023-07-05T12:47:25 EDT" skipped="1">
  <testcase classname="tutorialsNinja.AutomatetutorialsNinjaMakeAccount" name="RegisterAccountWithInvalidRequirements" time="22.025"/>
  <testcase classname="tutorialsNinja.AutomatetutorialsNinjaMakeAccount" name="RegisterAccountWithValidRequirements">
    <skipped/>
  </testcase> <!-- RegisterAccountWithValidRequirements -->
</testsuite> <!-- tutorialsNinja.AutomatetutorialsNinjaMakeAccount -->
