<?xml version="1.0" encoding="UTF-8"?>
<!-- Generated by org.testng.reporters.JUnitReportReporter -->
<testsuite hostname="DatBOI" failures="0" tests="1" name="runningTestCasesInBatches.ParameterizedTutorialsNinja" time="33.166" errors="0" timestamp="2023-07-26T18:17:42 EDT" skipped="0">
  <testcase classname="runningTestCasesInBatches.ParameterizedTutorialsNinja" name="LoginWithValidCredentials" time="33.166"/>
</testsuite> <!-- runningTestCasesInBatches.ParameterizedTutorialsNinja -->
