<?xml version="1.0" encoding="UTF-8"?>
<!-- Generated by org.testng.reporters.JUnitReportReporter -->
<testsuite hostname="DatBOI" failures="0" tests="3" name="tutorialsNinja.LoggingIn" time="62.890" errors="0" timestamp="2023-07-05T13:07:01 EDT" skipped="0">
  <testcase classname="tutorialsNinja.LoggingIn" name="LoginWithValidCredentials" time="18.681"/>
  <testcase classname="tutorialsNinja.LoggingIn" name="LoginWithInValidCredentials" time="20.280"/>
  <testcase classname="tutorialsNinja.LoggingIn" name="LoginWithnoCredentials" time="23.929"/>
</testsuite> <!-- tutorialsNinja.LoggingIn -->
