<?xml version="1.0" encoding="UTF-8"?>
<!-- Generated by org.testng.reporters.JUnitReportReporter -->
<testsuite hostname="DatBOI" failures="0" tests="1" name="applyingDateToAutomation.DateTimeStampForEdge" time="27.702" errors="0" timestamp="2023-08-22T22:42:58 EDT" skipped="0">
  <testcase classname="applyingDateToAutomation.DateTimeStampForEdge" name="verifyLoginWithValidCredentials" time="27.702"/>
</testsuite> <!-- applyingDateToAutomation.DateTimeStampForEdge -->
