<?xml version="1.0" encoding="UTF-8"?>
<!-- Generated by org.testng.reporters.JUnitReportReporter -->
<testsuite hostname="DatBOI" failures="0" tests="2" name="testNGBeginning.MoreAboutAnnotations" time="40.027" errors="0" timestamp="2023-07-05T11:55:08 EDT" skipped="0">
  <testcase classname="testNGBeginning.MoreAboutAnnotations" name="LoginWithValidCredentials" time="23.176"/>
  <testcase classname="testNGBeginning.MoreAboutAnnotations" name="LoginWithInValidCredentials" time="16.851"/>
</testsuite> <!-- testNGBeginning.MoreAboutAnnotations -->
