<?xml version="1.0" encoding="UTF-8"?>
<!-- Generated by org.testng.reporters.JUnitReportReporter -->
<testsuite hostname="DatBOI" failures="0" tests="1" name="moreAboutAutomationExtraLearning.ZoominAndOut" time="20.064" errors="0" timestamp="2023-08-16T14:06:19 EDT" skipped="0">
  <testcase classname="moreAboutAutomationExtraLearning.ZoominAndOut" name="zoomInAndOut" time="20.064"/>
</testsuite> <!-- moreAboutAutomationExtraLearning.ZoominAndOut -->
