<?xml version="1.0" encoding="UTF-8"?>
<!-- Generated by org.testng.reporters.JUnitReportReporter -->
<testsuite hostname="DatBOI" failures="0" tests="1" name="moreAboutAutomationExtraLearning.Disable_inforBar" time="8.484" errors="0" timestamp="2023-08-15T15:28:43 EDT" skipped="0">
  <testcase classname="moreAboutAutomationExtraLearning.Disable_inforBar" name="disableInfoBarInEdge" time="8.484"/>
</testsuite> <!-- moreAboutAutomationExtraLearning.Disable_inforBar -->
