<?xml version="1.0" encoding="UTF-8"?>
<!-- Generated by org.testng.reporters.JUnitReportReporter -->
<testsuite hostname="DatBOI" failures="0" tests="1" name="validationsINTestNG.SoftAssertConcepts" time="0.019" errors="0" timestamp="2023-07-25T19:07:48 EDT" skipped="0">
  <testcase classname="validationsINTestNG.SoftAssertConcepts" name="logicTest" time="0.019"/>
</testsuite> <!-- validationsINTestNG.SoftAssertConcepts -->
