<?xml version="1.0" encoding="UTF-8"?>
<!-- Generated by org.testng.reporters.JUnitReportReporter -->
<testsuite hostname="DatBOI" failures="0" tests="1" name="validationsINTestNG.HardAssert" time="0.018" errors="0" timestamp="2023-07-25T19:01:56 EDT" skipped="0">
  <testcase classname="validationsINTestNG.HardAssert" name="logicTest" time="0.018"/>
</testsuite> <!-- validationsINTestNG.HardAssert -->
