<?xml version="1.0" encoding="UTF-8"?>
<!-- Generated by org.testng.reporters.JUnitReportReporter -->
<testsuite hostname="DatBOI" failures="0" tests="1" name="runningTestCasesInBatches.TutorialsNinjaLoginTest" time="18.364" errors="0" timestamp="2023-07-26T15:21:49 EDT" skipped="0">
  <testcase classname="runningTestCasesInBatches.TutorialsNinjaLoginTest" name="LoginWithValidCredentials" time="18.364"/>
</testsuite> <!-- runningTestCasesInBatches.TutorialsNinjaLoginTest -->
