<?xml version="1.0" encoding="UTF-8"?>
<!-- Generated by org.testng.reporters.JUnitReportReporter -->
<testsuite hostname="DatBOI" failures="0" tests="2" name="retryFailedLoginTest.RediffAndTutNinja" time="20.151" errors="0" timestamp="2023-08-01T18:07:41 EDT" skipped="1">
  <testcase classname="retryFailedLoginTest.RediffAndTutNinja" name="rediffLoginTest" time="20.151"/>
  <testcase classname="retryFailedLoginTest.RediffAndTutNinja" name="tutorialsNinjaTest">
    <skipped/>
  </testcase> <!-- tutorialsNinjaTest -->
</testsuite> <!-- retryFailedLoginTest.RediffAndTutNinja -->
