<?xml version="1.0" encoding="UTF-8"?>
<!-- Generated by org.testng.reporters.JUnitReportReporter -->
<testsuite hostname="DatBOI" failures="0" tests="1" name="moreAboutAutomationExtraLearning.BraveBrowser" time="5.972" errors="0" timestamp="2023-08-15T14:44:25 EDT" skipped="0">
  <testcase classname="moreAboutAutomationExtraLearning.BraveBrowser" name="codeInBraveBrowser" time="5.972"/>
</testsuite> <!-- moreAboutAutomationExtraLearning.BraveBrowser -->
