<?xml version="1.0" encoding="UTF-8"?>
<!-- Generated by org.testng.reporters.JUnitReportReporter -->
<testsuite hostname="DatBOI" failures="0" tests="5" name="applyingDateToAutomation.DateTimeStampForLoginWithBrokenCHROME" time="74.315" errors="0" timestamp="2023-08-28T14:44:35 EDT" skipped="0">
  <testcase classname="applyingDateToAutomation.DateTimeStampForLoginWithBrokenCHROME" name="verifyLoginWithINValidCredentials" time="14.153"/>
  <testcase classname="applyingDateToAutomation.DateTimeStampForLoginWithBrokenCHROME" name="verifyLoginWithINValidCredentials" time="13.379"/>
  <testcase classname="applyingDateToAutomation.DateTimeStampForLoginWithBrokenCHROME" name="verifyLoginWithINValidCredentials" time="14.196"/>
  <testcase classname="applyingDateToAutomation.DateTimeStampForLoginWithBrokenCHROME" name="verifyLoginWithINValidCredentials" time="19.371"/>
  <testcase classname="applyingDateToAutomation.DateTimeStampForLoginWithBrokenCHROME" name="verifyLoginWithINValidCredentials" time="13.216"/>
</testsuite> <!-- applyingDateToAutomation.DateTimeStampForLoginWithBrokenCHROME -->
