<?xml version="1.0" encoding="UTF-8"?>
<!-- Generated by org.testng.reporters.JUnitReportReporter -->
<testsuite hostname="DatBOI" failures="0" tests="1" name="screenRecorderCode.ScreenRecord_Rediff" time="26.435" errors="0" timestamp="2023-08-14T22:38:56 EDT" skipped="0">
  <testcase classname="screenRecorderCode.ScreenRecord_Rediff" name="loginTest" time="26.435"/>
</testsuite> <!-- screenRecorderCode.ScreenRecord_Rediff -->
