<?xml version="1.0" encoding="UTF-8"?>
<!-- Generated by org.testng.reporters.JUnitReportReporter -->
<testsuite hostname="DatBOI" failures="0" tests="1" name="travelWebsitesAndDynamicDropDowns.Easemytrip_us_DynamicDropDown" time="42.178" errors="0" timestamp="2023-08-16T23:03:35 EDT" skipped="0">
  <testcase classname="travelWebsitesAndDynamicDropDowns.Easemytrip_us_DynamicDropDown" name="toAndFromOnEaseMyTrip" time="42.178"/>
</testsuite> <!-- travelWebsitesAndDynamicDropDowns.Easemytrip_us_DynamicDropDown -->
