<?xml version="1.0" encoding="UTF-8"?>
<!-- Generated by org.testng.reporters.JUnitReportReporter -->
<testsuite hostname="DatBOI" failures="0" tests="102" name="testNGBeginning.InvocationCountUsage" time="0.189" errors="0" timestamp="2023-07-05T15:17:10 EDT" skipped="0">
  <testcase classname="testNGBeginning.InvocationCountUsage" name="anything1" time="0.020"/>
  <testcase classname="testNGBeginning.InvocationCountUsage" name="anything2" time="0.002"/>
  <testcase classname="testNGBeginning.InvocationCountUsage" name="anything3" time="0.004"/>
  <testcase classname="testNGBeginning.InvocationCountUsage" name="anything3" time="0.002"/>
  <testcase classname="testNGBeginning.InvocationCountUsage" name="anything3" time="0.001"/>
  <testcase classname="testNGBeginning.InvocationCountUsage" name="anything3" time="0.002"/>
  <testcase classname="testNGBeginning.InvocationCountUsage" name="anything3" time="0.001"/>
  <testcase classname="testNGBeginning.InvocationCountUsage" name="anything3" time="0.003"/>
  <testcase classname="testNGBeginning.InvocationCountUsage" name="anything3" time="0.001"/>
  <testcase classname="testNGBeginning.InvocationCountUsage" name="anything3" time="0.006"/>
  <testcase classname="testNGBeginning.InvocationCountUsage" name="anything3" time="0.002"/>
  <testcase classname="testNGBeginning.InvocationCountUsage" name="anything3" time="0.001"/>
  <testcase classname="testNGBeginning.InvocationCountUsage" name="anything3" time="0.001"/>
  <testcase classname="testNGBeginning.InvocationCountUsage" name="anything3" time="0.001"/>
  <testcase classname="testNGBeginning.InvocationCountUsage" name="anything3" time="0.001"/>
  <testcase classname="testNGBeginning.InvocationCountUsage" name="anything3" time="0.004"/>
  <testcase classname="testNGBeginning.InvocationCountUsage" name="anything3" time="0.003"/>
  <testcase classname="testNGBeginning.InvocationCountUsage" name="anything3" time="0.000"/>
  <testcase classname="testNGBeginning.InvocationCountUsage" name="anything3" time="0.001"/>
  <testcase classname="testNGBeginning.InvocationCountUsage" name="anything3" time="0.001"/>
  <testcase classname="testNGBeginning.InvocationCountUsage" name="anything3" time="0.001"/>
  <testcase classname="testNGBeginning.InvocationCountUsage" name="anything3" time="0.002"/>
  <testcase classname="testNGBeginning.InvocationCountUsage" name="anything3" time="0.002"/>
  <testcase classname="testNGBeginning.InvocationCountUsage" name="anything3" time="0.002"/>
  <testcase classname="testNGBeginning.InvocationCountUsage" name="anything3" time="0.001"/>
  <testcase classname="testNGBeginning.InvocationCountUsage" name="anything3" time="0.003"/>
  <testcase classname="testNGBeginning.InvocationCountUsage" name="anything3" time="0.002"/>
  <testcase classname="testNGBeginning.InvocationCountUsage" name="anything3" time="0.001"/>
  <testcase classname="testNGBeginning.InvocationCountUsage" name="anything3" time="0.002"/>
  <testcase classname="testNGBeginning.InvocationCountUsage" name="anything3" time="0.001"/>
  <testcase classname="testNGBeginning.InvocationCountUsage" name="anything3" time="0.000"/>
  <testcase classname="testNGBeginning.InvocationCountUsage" name="anything3" time="0.000"/>
  <testcase classname="testNGBeginning.InvocationCountUsage" name="anything3" time="0.001"/>
  <testcase classname="testNGBeginning.InvocationCountUsage" name="anything3" time="0.005"/>
  <testcase classname="testNGBeginning.InvocationCountUsage" name="anything3" time="0.002"/>
  <testcase classname="testNGBeginning.InvocationCountUsage" name="anything3" time="0.002"/>
  <testcase classname="testNGBeginning.InvocationCountUsage" name="anything3" time="0.002"/>
  <testcase classname="testNGBeginning.InvocationCountUsage" name="anything3" time="0.002"/>
  <testcase classname="testNGBeginning.InvocationCountUsage" name="anything3" time="0.002"/>
  <testcase classname="testNGBeginning.InvocationCountUsage" name="anything3" time="0.001"/>
  <testcase classname="testNGBeginning.InvocationCountUsage" name="anything3" time="0.001"/>
  <testcase classname="testNGBeginning.InvocationCountUsage" name="anything3" time="0.001"/>
  <testcase classname="testNGBeginning.InvocationCountUsage" name="anything3" time="0.001"/>
  <testcase classname="testNGBeginning.InvocationCountUsage" name="anything3" time="0.001"/>
  <testcase classname="testNGBeginning.InvocationCountUsage" name="anything3" time="0.002"/>
  <testcase classname="testNGBeginning.InvocationCountUsage" name="anything3" time="0.002"/>
  <testcase classname="testNGBeginning.InvocationCountUsage" name="anything3" time="0.001"/>
  <testcase classname="testNGBeginning.InvocationCountUsage" name="anything3" time="0.003"/>
  <testcase classname="testNGBeginning.InvocationCountUsage" name="anything3" time="0.003"/>
  <testcase classname="testNGBeginning.InvocationCountUsage" name="anything3" time="0.004"/>
  <testcase classname="testNGBeginning.InvocationCountUsage" name="anything3" time="0.001"/>
  <testcase classname="testNGBeginning.InvocationCountUsage" name="anything3" time="0.002"/>
  <testcase classname="testNGBeginning.InvocationCountUsage" name="anything3" time="0.001"/>
  <testcase classname="testNGBeginning.InvocationCountUsage" name="anything3" time="0.001"/>
  <testcase classname="testNGBeginning.InvocationCountUsage" name="anything3" time="0.002"/>
  <testcase classname="testNGBeginning.InvocationCountUsage" name="anything3" time="0.003"/>
  <testcase classname="testNGBeginning.InvocationCountUsage" name="anything3" time="0.002"/>
  <testcase classname="testNGBeginning.InvocationCountUsage" name="anything3" time="0.002"/>
  <testcase classname="testNGBeginning.InvocationCountUsage" name="anything3" time="0.001"/>
  <testcase classname="testNGBeginning.InvocationCountUsage" name="anything3" time="0.001"/>
  <testcase classname="testNGBeginning.InvocationCountUsage" name="anything3" time="0.001"/>
  <testcase classname="testNGBeginning.InvocationCountUsage" name="anything3" time="0.002"/>
  <testcase classname="testNGBeginning.InvocationCountUsage" name="anything3" time="0.001"/>
  <testcase classname="testNGBeginning.InvocationCountUsage" name="anything3" time="0.000"/>
  <testcase classname="testNGBeginning.InvocationCountUsage" name="anything3" time="0.001"/>
  <testcase classname="testNGBeginning.InvocationCountUsage" name="anything3" time="0.001"/>
  <testcase classname="testNGBeginning.InvocationCountUsage" name="anything3" time="0.002"/>
  <testcase classname="testNGBeginning.InvocationCountUsage" name="anything3" time="0.003"/>
  <testcase classname="testNGBeginning.InvocationCountUsage" name="anything3" time="0.002"/>
  <testcase classname="testNGBeginning.InvocationCountUsage" name="anything3" time="0.001"/>
  <testcase classname="testNGBeginning.InvocationCountUsage" name="anything3" time="0.001"/>
  <testcase classname="testNGBeginning.InvocationCountUsage" name="anything3" time="0.001"/>
  <testcase classname="testNGBeginning.InvocationCountUsage" name="anything3" time="0.001"/>
  <testcase classname="testNGBeginning.InvocationCountUsage" name="anything3" time="0.002"/>
  <testcase classname="testNGBeginning.InvocationCountUsage" name="anything3" time="0.005"/>
  <testcase classname="testNGBeginning.InvocationCountUsage" name="anything3" time="0.002"/>
  <testcase classname="testNGBeginning.InvocationCountUsage" name="anything3" time="0.002"/>
  <testcase classname="testNGBeginning.InvocationCountUsage" name="anything3" time="0.001"/>
  <testcase classname="testNGBeginning.InvocationCountUsage" name="anything3" time="0.001"/>
  <testcase classname="testNGBeginning.InvocationCountUsage" name="anything3" time="0.002"/>
  <testcase classname="testNGBeginning.InvocationCountUsage" name="anything3" time="0.003"/>
  <testcase classname="testNGBeginning.InvocationCountUsage" name="anything3" time="0.001"/>
  <testcase classname="testNGBeginning.InvocationCountUsage" name="anything3" time="0.001"/>
  <testcase classname="testNGBeginning.InvocationCountUsage" name="anything3" time="0.001"/>
  <testcase classname="testNGBeginning.InvocationCountUsage" name="anything3" time="0.001"/>
  <testcase classname="testNGBeginning.InvocationCountUsage" name="anything3" time="0.001"/>
  <testcase classname="testNGBeginning.InvocationCountUsage" name="anything3" time="0.001"/>
  <testcase classname="testNGBeginning.InvocationCountUsage" name="anything3" time="0.002"/>
  <testcase classname="testNGBeginning.InvocationCountUsage" name="anything3" time="0.002"/>
  <testcase classname="testNGBeginning.InvocationCountUsage" name="anything3" time="0.003"/>
  <testcase classname="testNGBeginning.InvocationCountUsage" name="anything3" time="0.002"/>
  <testcase classname="testNGBeginning.InvocationCountUsage" name="anything3" time="0.001"/>
  <testcase classname="testNGBeginning.InvocationCountUsage" name="anything3" time="0.001"/>
  <testcase classname="testNGBeginning.InvocationCountUsage" name="anything3" time="0.001"/>
  <testcase classname="testNGBeginning.InvocationCountUsage" name="anything3" time="0.001"/>
  <testcase classname="testNGBeginning.InvocationCountUsage" name="anything3" time="0.002"/>
  <testcase classname="testNGBeginning.InvocationCountUsage" name="anything3" time="0.002"/>
  <testcase classname="testNGBeginning.InvocationCountUsage" name="anything3" time="0.001"/>
  <testcase classname="testNGBeginning.InvocationCountUsage" name="anything3" time="0.001"/>
  <testcase classname="testNGBeginning.InvocationCountUsage" name="anything3" time="0.001"/>
  <testcase classname="testNGBeginning.InvocationCountUsage" name="anything3" time="0.001"/>
  <testcase classname="testNGBeginning.InvocationCountUsage" name="anything3" time="0.001"/>
</testsuite> <!-- testNGBeginning.InvocationCountUsage -->
