<?xml version="1.0" encoding="UTF-8"?>
<!-- Generated by org.testng.reporters.JUnitReportReporter -->
<testsuite hostname="DatBOI" failures="0" tests="1" name="moreAboutAutomationExtraLearning.FirefoxProfilingLearning" time="18.194" errors="0" timestamp="2023-08-16T18:54:33 EDT" skipped="0">
  <testcase classname="moreAboutAutomationExtraLearning.FirefoxProfilingLearning" name="verifyCurrentTitleAndUrl" time="18.194"/>
</testsuite> <!-- moreAboutAutomationExtraLearning.FirefoxProfilingLearning -->
