<?xml version="1.0" encoding="UTF-8"?>
<!-- Generated by org.testng.reporters.JUnitReportReporter -->
<testsuite hostname="DatBOI" failures="0" tests="1" name="calendarDatePicker.LearningVariousConcepts" time="11.599" errors="0" timestamp="2023-08-28T18:15:38 EDT" skipped="0">
  <testcase classname="calendarDatePicker.LearningVariousConcepts" name="usingJavaScriptExecutor" time="11.599"/>
</testsuite> <!-- calendarDatePicker.LearningVariousConcepts -->
