<?xml version="1.0" encoding="UTF-8"?>
<!-- Generated by org.testng.reporters.JUnitReportReporter -->
<testsuite hostname="DatBOI" failures="0" tests="1" name="automationMovements.DragAndDropANDFrames" time="9.564" errors="0" timestamp="2023-07-24T17:11:32 EDT" skipped="0">
  <testcase classname="automationMovements.DragAndDropANDFrames" name="handlingFrames" time="9.564"/>
</testsuite> <!-- automationMovements.DragAndDropANDFrames -->
