<?xml version="1.0" encoding="UTF-8"?>
<!-- Generated by org.testng.reporters.JUnitReportReporter -->
<testsuite hostname="DatBOI" failures="0" tests="1" name="testNGBeginning.TwoAlphaMalesInTheSameHouse" time="0.012" errors="0" timestamp="2023-07-05T12:04:27 EDT" skipped="0">
  <testcase classname="testNGBeginning.TwoAlphaMalesInTheSameHouse" name="ImAlpha" time="0.012"/>
</testsuite> <!-- testNGBeginning.TwoAlphaMalesInTheSameHouse -->
