<?xml version="1.0" encoding="UTF-8"?>
<!-- Generated by org.testng.reporters.JUnitReportReporter -->
<testsuite hostname="DatBOI" failures="0" tests="3" name="dataDrivenTesting.TutorialsNinja_TestNG" time="52.816" errors="0" timestamp="2023-07-25T18:10:00 EDT" skipped="0">
  <testcase classname="dataDrivenTesting.TutorialsNinja_TestNG" name="LoginWithTest1" time="24.262"/>
  <testcase classname="dataDrivenTesting.TutorialsNinja_TestNG" name="LoginWithTest1" time="14.208"/>
  <testcase classname="dataDrivenTesting.TutorialsNinja_TestNG" name="LoginWithTest1" time="14.346"/>
</testsuite> <!-- dataDrivenTesting.TutorialsNinja_TestNG -->
