<?xml version="1.0" encoding="UTF-8"?>
<!-- Generated by org.testng.reporters.JUnitReportReporter -->
<testsuite hostname="DatBOI" failures="0" tests="1" name="openWeatherMap.TheWebElement" time="23.098" errors="0" timestamp="2023-07-11T16:45:04 EDT" skipped="0">
  <testcase classname="openWeatherMap.TheWebElement" name="clickOnImage" time="23.098"/>
</testsuite> <!-- openWeatherMap.TheWebElement -->
