<?xml version="1.0" encoding="UTF-8"?>
<!-- Generated by org.testng.reporters.JUnitReportReporter -->
<testsuite hostname="DatBOI" failures="0" tests="1" name="moreAboutAutomationExtraLearning.Multiple_WebElements" time="20.755" errors="0" timestamp="2023-08-17T23:19:10 EDT" skipped="0">
  <testcase classname="moreAboutAutomationExtraLearning.Multiple_WebElements" name="bbcNewsChannel" time="20.755"/>
</testsuite> <!-- moreAboutAutomationExtraLearning.Multiple_WebElements -->
