<?xml version="1.0" encoding="UTF-8"?>
<!-- Generated by org.testng.reporters.JUnitReportReporter -->
<testsuite hostname="DatBOI" failures="0" tests="1" name="moreAboutAutomationExtraLearning.ResponseCodeOfAURL" time="1.601" errors="0" timestamp="2023-08-16T13:21:18 EDT" skipped="0">
  <testcase classname="moreAboutAutomationExtraLearning.ResponseCodeOfAURL" name="responseCodeLeanring" time="1.601"/>
</testsuite> <!-- moreAboutAutomationExtraLearning.ResponseCodeOfAURL -->
