<?xml version="1.0" encoding="UTF-8"?>
<!-- Generated by org.testng.reporters.JUnitReportReporter -->
<testsuite hostname="DatBOI" failures="0" tests="1" name="propertiesFileDataRetrival.ReadingFromPropertiesFile" time="20.749" errors="0" timestamp="2023-07-28T17:28:35 EDT" skipped="0">
  <testcase classname="propertiesFileDataRetrival.ReadingFromPropertiesFile" name="TutorialsTest" time="20.749"/>
</testsuite> <!-- propertiesFileDataRetrival.ReadingFromPropertiesFile -->
