<?xml version="1.0" encoding="UTF-8"?>
<!-- Generated by org.testng.reporters.JUnitReportReporter -->
<testsuite hostname="DatBOI" failures="0" tests="1" name="sleniumPractise.MoreAboutDropDowns" time="16.093" errors="0" timestamp="2023-07-12T19:40:19 EDT" skipped="0">
  <testcase classname="sleniumPractise.MoreAboutDropDowns" name="AutomateDropdown1" time="16.093"/>
</testsuite> <!-- sleniumPractise.MoreAboutDropDowns -->
