<?xml version="1.0" encoding="UTF-8"?>
<!-- Generated by org.testng.reporters.JUnitReportReporter -->
<testsuite hostname="DatBOI" failures="0" tests="1" name="travelWebsitesAndDynamicDropDowns.MakeMyTrio_com" time="24.235" errors="0" timestamp="2023-08-16T22:15:42 EDT" skipped="0">
  <testcase classname="travelWebsitesAndDynamicDropDowns.MakeMyTrio_com" name="scrollThroughAndClickOnFromCityAndToCity" time="24.235"/>
</testsuite> <!-- travelWebsitesAndDynamicDropDowns.MakeMyTrio_com -->
