<?xml version="1.0" encoding="UTF-8"?>
<!-- Generated by org.testng.reporters.JUnitReportReporter -->
<testsuite hostname="DatBOI" failures="0" tests="1" name="flipKartAndMultipleWebElements.FlipKart" time="17.709" errors="0" timestamp="2023-08-17T23:51:28 EDT" skipped="0">
  <testcase classname="flipKartAndMultipleWebElements.FlipKart" name="forLoopForBrandsAndPrices" time="17.709"/>
</testsuite> <!-- flipKartAndMultipleWebElements.FlipKart -->
