<?xml version="1.0" encoding="UTF-8"?>
<!-- Generated by org.testng.reporters.JUnitReportReporter -->
<testsuite hostname="DatBOI" failures="0" tests="1" name="tutorialsNinja.SigningOut" time="26.778" errors="0" timestamp="2023-07-11T17:21:56 EDT" skipped="0">
  <testcase classname="tutorialsNinja.SigningOut" name="LoginWithValidCredentialsAndSigningout" time="26.778"/>
</testsuite> <!-- tutorialsNinja.SigningOut -->
