<?xml version="1.0" encoding="UTF-8"?>
<!-- Generated by org.testng.reporters.JUnitReportReporter -->
<testsuite hostname="DatBOI" failures="0" tests="1" name="listenersInAutomation.TN_Register" time="16.503" errors="0" timestamp="2023-08-07T15:28:53 EDT" skipped="0">
  <testcase classname="listenersInAutomation.TN_Register" name="RegisterAccountWithValidRequirements" time="16.503"/>
</testsuite> <!-- listenersInAutomation.TN_Register -->
