<?xml version="1.0" encoding="UTF-8"?>
<!-- Generated by org.testng.reporters.JUnitReportReporter -->
<testsuite hostname="DatBOI" failures="0" tests="5" name="moreAboutAutomationExtraLearning.ToolTip" time="33.325" errors="0" timestamp="2023-08-16T13:52:23 EDT" skipped="0">
  <testcase classname="moreAboutAutomationExtraLearning.ToolTip" name="getToolTipOfReddifMail" time="8.551"/>
  <testcase classname="moreAboutAutomationExtraLearning.ToolTip" name="getToolTipOfMoneyLink" time="6.687"/>
  <testcase classname="moreAboutAutomationExtraLearning.ToolTip" name="getToolTipOfBusinessEmailLink" time="6.766"/>
  <testcase classname="moreAboutAutomationExtraLearning.ToolTip" name="getToolTipOfVideosLink" time="6.190"/>
  <testcase classname="moreAboutAutomationExtraLearning.ToolTip" name="getToolTipOfShoppingLink" time="5.131"/>
</testsuite> <!-- moreAboutAutomationExtraLearning.ToolTip -->
