<?xml version="1.0" encoding="UTF-8"?>
<!-- Generated by org.testng.reporters.JUnitReportReporter -->
<testsuite hostname="DatBOI" failures="0" tests="1" name="facebook.AutomateDropDown" time="27.494" errors="0" timestamp="2023-07-12T19:19:55 EDT" skipped="0">
  <testcase classname="facebook.AutomateDropDown" name="AutomateDropDownForFaceBook" time="27.494"/>
</testsuite> <!-- facebook.AutomateDropDown -->
