<?xml version="1.0" encoding="UTF-8"?>
<!-- Generated by org.testng.reporters.JUnitReportReporter -->
<testsuite hostname="DatBOI" failures="0" tests="9" name="propertiesFileDataRetrival.TutorialsNinjaLoginFromExcellSheet" time="188.313" errors="0" timestamp="2023-07-28T19:37:36 EDT" skipped="0">
  <testcase classname="propertiesFileDataRetrival.TutorialsNinjaLoginFromExcellSheet" name="LoginWithExcelSheet" time="16.753"/>
  <testcase classname="propertiesFileDataRetrival.TutorialsNinjaLoginFromExcellSheet" name="LoginWithExcelSheet" time="19.777"/>
  <testcase classname="propertiesFileDataRetrival.TutorialsNinjaLoginFromExcellSheet" name="LoginWithExcelSheet" time="21.259"/>
  <testcase classname="propertiesFileDataRetrival.TutorialsNinjaLoginFromExcellSheet" name="LoginWithExcelSheet" time="22.002"/>
  <testcase classname="propertiesFileDataRetrival.TutorialsNinjaLoginFromExcellSheet" name="LoginWithExcelSheet" time="16.503"/>
  <testcase classname="propertiesFileDataRetrival.TutorialsNinjaLoginFromExcellSheet" name="LoginWithExcelSheet" time="19.600"/>
  <testcase classname="propertiesFileDataRetrival.TutorialsNinjaLoginFromExcellSheet" name="LoginWithExcelSheet" time="20.225"/>
  <testcase classname="propertiesFileDataRetrival.TutorialsNinjaLoginFromExcellSheet" name="LoginWithExcelSheet" time="35.825"/>
  <testcase classname="propertiesFileDataRetrival.TutorialsNinjaLoginFromExcellSheet" name="LoginWithExcelSheet" time="16.369"/>
</testsuite> <!-- propertiesFileDataRetrival.TutorialsNinjaLoginFromExcellSheet -->
