<?xml version="1.0" encoding="UTF-8"?>
<!-- Generated by org.testng.reporters.JUnitReportReporter -->
<testsuite hostname="DatBOI" failures="0" tests="1" name="rediff.ClickOnEachLinkOnTheFooterOfRediff" time="93.755" errors="0" timestamp="2023-08-18T01:00:33 EDT" skipped="0">
  <testcase classname="rediff.ClickOnEachLinkOnTheFooterOfRediff" name="methodNumber2OfTryingTheSameThingButWithCssSelectors" time="93.755"/>
</testsuite> <!-- rediff.ClickOnEachLinkOnTheFooterOfRediff -->
