<?xml version="1.0" encoding="UTF-8"?>
<!-- Generated by org.testng.reporters.JUnitReportReporter -->
<testsuite hostname="DatBOI" failures="0" tests="10" name="com.takingAdvantageOfExcel.TNregisterANdLogin" time="145.663" errors="0" timestamp="2023-07-29T16:16:28 EDT" skipped="1">
  <testcase classname="com.takingAdvantageOfExcel.TNregisterANdLogin" name="LoginWithExcelSheetInforMation" time="19.628"/>
  <testcase classname="com.takingAdvantageOfExcel.TNregisterANdLogin" name="LoginWithExcelSheetInforMation" time="15.010"/>
  <testcase classname="com.takingAdvantageOfExcel.TNregisterANdLogin" name="LoginWithExcelSheetInforMation" time="15.112"/>
  <testcase classname="com.takingAdvantageOfExcel.TNregisterANdLogin" name="LoginWithExcelSheetInforMation" time="19.999"/>
  <testcase classname="com.takingAdvantageOfExcel.TNregisterANdLogin" name="LoginWithExcelSheetInforMation" time="14.824"/>
  <testcase classname="com.takingAdvantageOfExcel.TNregisterANdLogin" name="LoginWithExcelSheetInforMation" time="15.208"/>
  <testcase classname="com.takingAdvantageOfExcel.TNregisterANdLogin" name="LoginWithExcelSheetInforMation" time="15.555"/>
  <testcase classname="com.takingAdvantageOfExcel.TNregisterANdLogin" name="LoginWithExcelSheetInforMation" time="15.276"/>
  <testcase classname="com.takingAdvantageOfExcel.TNregisterANdLogin" name="LoginWithExcelSheetInforMation" time="15.051"/>
  <testcase classname="com.takingAdvantageOfExcel.TNregisterANdLogin" name="RegisterAccountWithExcel">
    <skipped/>
  </testcase> <!-- RegisterAccountWithExcel -->
</testsuite> <!-- com.takingAdvantageOfExcel.TNregisterANdLogin -->
