<?xml version="1.0" encoding="UTF-8"?>
<!-- Generated by org.testng.reporters.JUnitReportReporter -->
<testsuite hostname="DatBOI" failures="0" tests="3" name="dataDrivenTesting.SeperateTestCases" time="49.079" errors="0" timestamp="2023-07-25T18:46:03 EDT" skipped="0">
  <testcase classname="dataDrivenTesting.SeperateTestCases" name="LoginWithTest1" time="22.342"/>
  <testcase classname="dataDrivenTesting.SeperateTestCases" name="LoginWithTest1" time="13.552"/>
  <testcase classname="dataDrivenTesting.SeperateTestCases" name="LoginWithTest1" time="13.185"/>
</testsuite> <!-- dataDrivenTesting.SeperateTestCases -->
