<?xml version="1.0" encoding="UTF-8"?>
<!-- Generated by org.testng.reporters.JUnitReportReporter -->
<testsuite hostname="DatBOI" failures="0" tests="1" name="automationMovements.Mouse_MoveMents" time="10.861" errors="0" timestamp="2023-07-20T16:13:40 EDT" skipped="0">
  <testcase classname="automationMovements.Mouse_MoveMents" name="hoverMouseOverButtonToSeeIfColorChanges" time="10.861"/>
</testsuite> <!-- automationMovements.Mouse_MoveMents -->
