<?xml version="1.0" encoding="UTF-8"?>
<!-- Generated by org.testng.reporters.JUnitReportReporter -->
<testsuite hostname="DatBOI" failures="0" tests="1" name="extentReporterClass.TutorialsNinja_Register" time="16.220" errors="0" timestamp="2023-08-08T23:40:55 EDT" skipped="0">
  <testcase classname="extentReporterClass.TutorialsNinja_Register" name="RegisterAccountWithValidRequirements" time="16.220"/>
</testsuite> <!-- extentReporterClass.TutorialsNinja_Register -->
